
Inactive Modules:
  1) CubeGUI/4.6       18) PMIx/3.2.3                 35) libevent/2.1.12
  2) CubeLib/4.6       19) Qt5/5.15.2                 36) libfabric/1.12.1
  3) CubeWriter/4.6    20) SIONlib/1.7.6-tools        37) libffi/3.3
  4) DBus/1.13.18      21) Scalasca/2.6               38) libglvnd/1.3.3
  5) GLib/2.68.2       22) Score-P/7.0                39) libjpeg-turbo/2.0.6
  6) JasPer/2.0.28     23) UCX/1.10.0                 40) libpciaccess/0.16
  7) LLVM/11.1.0       24) X11/20210518               41) libpng/1.6.37
  8) Mesa/21.1.1       25) XZ/5.2.5                   42) libunwind/1.4.0
  9) NASM/2.15.05      26) bzip2/1.0.8                43) libxml2/2.9.10
 10) NSPR/4.30         27) double-conversion/3.1.5    44) lz4/1.9.3
 11) NSS/3.65          28) expat/2.2.9                45) numactl/2.0.14
 12) OPARI2/2.0.6      29) fontconfig/2.13.93         46) snappy/1.1.8
 13) OTF2/2.3          30) freetype/2.10.4            47) util-linux/2.36
 14) OpenMPI/4.1.1     31) gzip/1.10                  48) xorg-macros/1.19.3
 15) PAPI/6.0.0.1      32) hwloc/2.4.1                49) zstd/1.4.9
 16) PCRE2/10.36       33) libGLU/9.0.1
 17) PDT/3.25.1        34) libdrm/2.4.106

Due to MODULEPATH changes, the following have been reloaded:
  1) gettext/0.21     2) ncurses/6.2     3) zlib/1.2.11

The following have been reloaded with a version change:
  1) GCC/10.3.0 => GCC/6.3.0-2.27        3) binutils/2.36.1 => binutils/2.27
  2) GCCcore/10.3.0 => GCCcore/6.3.0     4) matlab/2019a => matlab/2020b


Activating Modules:
  1) DBus/1.13.18     13) XZ/5.2.5                   25) libjpeg-turbo/2.0.6
  2) GLib/2.69.1      14) bzip2/1.0.8                26) libpciaccess/0.16
  3) JasPer/2.0.33    15) double-conversion/3.1.5    27) libpng/1.6.37
  4) LLVM/12.0.1      16) expat/2.4.1                28) libunwind/1.5.0
  5) Mesa/21.1.7      17) fontconfig/2.13.94         29) libxml2/2.9.10
  6) NASM/2.15.05     18) freetype/2.11.0            30) lz4/1.9.3
  7) NSPR/4.32        19) gzip/1.10                  31) numactl/2.0.14
  8) NSS/3.69         20) libGLU/9.0.2               32) snappy/1.1.9
  9) PCRE2/10.37      21) libdrm/2.4.107             33) util-linux/2.37
 10) Qt5/5.15.2       22) libevent/2.1.12            34) xorg-macros/1.19.3
 11) UCX/1.11.2       23) libffi/3.4.2               35) zstd/1.5.0
 12) X11/20210802     24) libglvnd/1.3.3

Due to MODULEPATH changes, the following have been reloaded:
  1) gettext/0.21     2) ncurses/6.2     3) zlib/1.2.11

The following have been reloaded with a version change:
  1) GCCcore/6.3.0 => GCCcore/11.2.0
  2) binutils/2.27 => binutils/2.37
  3) imkl-FFTW/2022.1.0 => imkl-FFTW/2021.4.0
  4) imkl/2022.1.0 => imkl/2021.4.0
  5) impi/2021.6.0 => impi/2021.4.0
  6) intel-compilers/2022.1.0 => intel-compilers/2021.4.0
  7) intel/2022a => intel/2021b


Inactive Modules:
  1) Brotli/1.0.9     2) HarfBuzz/2.8.2     3) PCRE/8.45     4) graphite2/1.3.14

Activating Modules:
  1) CubeGUI/4.6        6) OpenMPI/4.1.1          11) Scalasca/2.6
  2) CubeLib/4.6        7) PAPI/6.0.0.1           12) Score-P/7.0
  3) CubeWriter/4.6     8) PDT/3.25.1             13) hwloc/2.4.1
  4) OPARI2/2.0.6       9) PMIx/3.2.3             14) libfabric/1.12.1
  5) OTF2/2.3          10) SIONlib/1.7.6-tools

Due to MODULEPATH changes, the following have been reloaded:
  1) DBus/1.13.18                9) gettext/0.21           17) lz4/1.9.3
  2) ICU/69.1                   10) gzip/1.10              18) ncurses/6.2
  3) NASM/2.15.05               11) libevent/2.1.12        19) numactl/2.0.14
  4) Qt5/5.15.2                 12) libglvnd/1.3.3         20) pixman/0.40.0
  5) XZ/5.2.5                   13) libjpeg-turbo/2.0.6    21) xorg-macros/1.19.3
  6) bzip2/1.0.8                14) libpciaccess/0.16      22) zlib/1.2.11
  7) cairo/1.16.0               15) libpng/1.6.37
  8) double-conversion/3.1.5    16) libxml2/2.9.10

The following have been reloaded with a version change:
  1) GCC/6.3.0-2.27 => GCC/10.3.0
  2) GCCcore/11.2.0 => GCCcore/10.3.0
  3) GLib/2.69.1 => GLib/2.68.2
  4) JasPer/2.0.33 => JasPer/2.0.28
  5) LLVM/12.0.1 => LLVM/11.1.0
  6) Mesa/21.1.7 => Mesa/21.1.1
  7) NSPR/4.32 => NSPR/4.30
  8) NSS/3.69 => NSS/3.65
  9) PCRE2/10.37 => PCRE2/10.36
 10) UCX/1.11.2 => UCX/1.10.0
 11) X11/20210802 => X11/20210518
 12) binutils/2.37 => binutils/2.36.1
 13) expat/2.4.1 => expat/2.2.9
 14) fontconfig/2.13.94 => fontconfig/2.13.93
 15) freetype/2.11.0 => freetype/2.10.4
 16) libGLU/9.0.2 => libGLU/9.0.1
 17) libdrm/2.4.107 => libdrm/2.4.106
 18) libffi/3.4.2 => libffi/3.3
 19) libunwind/1.5.0 => libunwind/1.4.0
 20) snappy/1.1.9 => snappy/1.1.8
 21) util-linux/2.37 => util-linux/2.36
 22) zstd/1.5.0 => zstd/1.4.9

forrtl: severe (168): Program Exception - illegal instruction
Image              PC                Routine            Line        Source             
run_4              0000000008A54A9B  Unknown               Unknown  Unknown
libpthread-2.17.s  00007FA59BDA9630  Unknown               Unknown  Unknown
run_4              00000000004BD1CA  Unknown               Unknown  Unknown
run_4              00000000004BCCF1  Unknown               Unknown  Unknown
run_4              000000000041B4B2  Unknown               Unknown  Unknown
run_4              00000000004135BF  Unknown               Unknown  Unknown
run_4              0000000000406F62  Unknown               Unknown  Unknown
libc-2.17.so       00007FA59AF0F555  __libc_start_main     Unknown  Unknown
run_4              0000000000406E7D  Unknown               Unknown  Unknown
